<?xml version="1.0" encoding="UTF-8"?>
<!-- Generated by org.testng.reporters.JUnitReportReporter -->
<testsuite hostname="DESKTOP-C6FREFO" name="testcases.LoginTest" tests="1" failures="0" timestamp="19 Oct 2021 07:10:05 GMT" time="17.188" errors="0">
  <testcase name="loginTest" time="17.188" classname="testcases.LoginTest"/>
</testsuite> <!-- testcases.LoginTest -->
